2025-06-19 11:12:21 INFO  TC001_AccountRegistration_Test:29 - Starting verify account test
2025-06-19 11:12:21 INFO  TC001_AccountRegistration_Test:34 - Starting of test method verify_account_register
2025-06-19 11:12:22 INFO  TC001_AccountRegistration_Test:46 - Starting of registration page
2025-06-19 11:12:25 INFO  TC001_AccountRegistration_Test:66 - End of test method verify_account_register
2025-06-19 11:12:31 INFO  TC_002_LoginTest:24 - **** Starting TC_002_LoginTest  ****
2025-06-19 11:12:31 INFO  TC_002_LoginTest:31 - clicked on myaccount link on the home page..
2025-06-19 11:12:31 INFO  TC_002_LoginTest:33 - clicked on login link under myaccount..
2025-06-19 11:12:31 INFO  TC_002_LoginTest:37 - Entering valid email and password..
2025-06-19 11:12:32 INFO  TC_002_LoginTest:41 - clicked on ligin button..
2025-06-19 11:12:32 INFO  TC_002_LoginTest:55 - **** Finished TC_002_LoginTest  ****
2025-06-19 11:13:46 INFO  TC001_AccountRegistration_Test:29 - Starting verify account test
2025-06-19 11:13:46 INFO  TC001_AccountRegistration_Test:34 - Starting of test method verify_account_register
2025-06-19 11:13:46 INFO  TC001_AccountRegistration_Test:46 - Starting of registration page
2025-06-19 11:13:48 INFO  TC001_AccountRegistration_Test:66 - End of test method verify_account_register
2025-06-19 11:13:54 INFO  TC_002_LoginTest:24 - **** Starting TC_002_LoginTest  ****
2025-06-19 11:13:54 INFO  TC_002_LoginTest:31 - clicked on myaccount link on the home page..
2025-06-19 11:13:55 INFO  TC_002_LoginTest:33 - clicked on login link under myaccount..
2025-06-19 11:13:55 INFO  TC_002_LoginTest:37 - Entering valid email and password..
2025-06-19 11:13:55 INFO  TC_002_LoginTest:41 - clicked on ligin button..
2025-06-19 11:13:56 INFO  TC_002_LoginTest:55 - **** Finished TC_002_LoginTest  ****
